<?xml version="1.0" encoding="UTF-8"?>
<!-- Generated by org.testng.reporters.JUnitXMLReporter -->
<testsuite hostname="DESKTOP-B9T8IP8" ignored="0" name="Default test" tests="3" failures="0" timestamp="2021-05-09T09:54:32 ICT" time="15.512" errors="0">
  <testcase name="demo_action_1" time="6.342" classname="Selenium.Session11_Action"/>
  <testcase name="demo_action_2" time="3.179" classname="Selenium.Session11_Action"/>
  <testcase name="exercise_action_1" time="3.624" classname="Selenium.Session11_Action"/>
</testsuite> <!-- Default test -->
