<?xml version="1.0" encoding="UTF-8"?>
<!-- Generated by org.testng.reporters.JUnitXMLReporter -->
<testsuite hostname="DESKTOP-B9T8IP8" ignored="0" name="Demo_Chrome" tests="3" failures="0" timestamp="2021-05-06T20:06:32 ICT" time="26.136" errors="0">
  <testcase name="demo_action_1" time="6.129" classname="Selenium.Session11_Action"/>
  <testcase name="demo_action_2" time="4.805" classname="Selenium.Session11_Action"/>
  <testcase name="exercise_action_1" time="13.24" classname="Selenium.Session11_Action"/>
</testsuite> <!-- Demo_Chrome -->
